# JRE version: OpenJDK Runtime Environment JBR-21.0.9+1-1038.76-nomod (21.0.9+1) (build 21.0.9+1-b1038.76)
# Java VM: OpenJDK 64-Bit Server VM JBR-21.0.9+1-1038.76-nomod (21.0.9+1-b1038.76, mixed mode, sharing, tiered, compressed oops, compressed class ptrs, g1 gc, windows-amd64)
GC Precious Log:
 CardTable entry size: 512
 Card Set container configuration: InlinePtr #cards 4 size 8 Array Of Cards #cards 16 size 48 Howl #buckets 8 coarsen threshold 3686 Howl Bitmap #cards 512 size 80 coarsen threshold 460 Card regions per heap region 1 cards per card region 4096
 CPUs: 4 total, 4 available
 Memory: 8134M
 Large Page Support: Disabled
 NUMA Support: Disabled
 Compressed Oops: Enabled (Zero based)
 Heap Region Size: 2M
 Heap Min Capacity: 8M
 Heap Initial Capacity: 128M
 Heap Max Capacity: 4G
 Pre-touch: Disabled
 Parallel Workers: 4
 Concurrent Workers: 1
 Concurrent Refinement Workers: 4
 Periodic GC: Disabled
Heap:
 garbage-first heap   total 669696K, used 498688K [0x0000000700000000, 0x0000000800000000)
  region size 2048K, 10 young (20480K), 10 survivors (20480K)
 Metaspace       used 200049K, committed 203072K, reserved 1245184K
  class space    used 27001K, committed 28480K, reserved 1048576K
GC Heap History (20 events):
Event: 1934.067 GC heap after
{Heap after GC invocations=69 (full 0):
 garbage-first heap   total 430080K, used 284442K [0x0000000700000000, 0x0000000800000000)
  region size 2048K, 6 young (12288K), 6 survivors (12288K)
 Metaspace       used 159865K, committed 162688K, reserved 1245184K
  class space    used 22080K, committed 23424K, reserved 1048576K
}
Event: 1934.827 GC heap before
{Heap before GC invocations=69 (full 0):
 garbage-first heap   total 430080K, used 384794K [0x0000000700000000, 0x0000000800000000)
  region size 2048K, 55 young (112640K), 6 survivors (12288K)
 Metaspace       used 160281K, committed 163072K, reserved 1245184K
  class space    used 22143K, committed 23488K, reserved 1048576K
}
Event: 1934.837 GC heap after
{Heap after GC invocations=70 (full 0):
 garbage-first heap   total 430080K, used 286308K [0x0000000700000000, 0x0000000800000000)
  region size 2048K, 1 young (2048K), 1 survivors (2048K)
 Metaspace       used 160281K, committed 163072K, reserved 1245184K
  class space    used 22143K, committed 23488K, reserved 1048576K
}
Event: 1935.580 GC heap before
{Heap before GC invocations=71 (full 0):
 garbage-first heap   total 479232K, used 390756K [0x0000000700000000, 0x0000000800000000)
  region size 2048K, 52 young (106496K), 1 survivors (2048K)
 Metaspace       used 160494K, committed 163328K, reserved 1245184K
  class space    used 22146K, committed 23488K, reserved 1048576K
}
Event: 1935.584 GC heap after
{Heap after GC invocations=72 (full 0):
 garbage-first heap   total 479232K, used 285867K [0x0000000700000000, 0x0000000800000000)
  region size 2048K, 1 young (2048K), 1 survivors (2048K)
 Metaspace       used 160494K, committed 163328K, reserved 1245184K
  class space    used 22146K, committed 23488K, reserved 1048576K
}
Event: 1938.850 GC heap before
{Heap before GC invocations=72 (full 0):
 garbage-first heap   total 479232K, used 439467K [0x0000000700000000, 0x0000000800000000)
  region size 2048K, 76 young (155648K), 1 survivors (2048K)
 Metaspace       used 163516K, committed 166336K, reserved 1245184K
  class space    used 22439K, committed 23808K, reserved 1048576K
}
Event: 1938.866 GC heap after
{Heap after GC invocations=73 (full 0):
 garbage-first heap   total 479232K, used 287233K [0x0000000700000000, 0x0000000800000000)
  region size 2048K, 4 young (8192K), 4 survivors (8192K)
 Metaspace       used 163516K, committed 166336K, reserved 1245184K
  class space    used 22439K, committed 23808K, reserved 1048576K
}
Event: 1943.201 GC heap before
{Heap before GC invocations=73 (full 0):
 garbage-first heap   total 479232K, used 444929K [0x0000000700000000, 0x0000000800000000)
  region size 2048K, 82 young (167936K), 4 survivors (8192K)
 Metaspace       used 166164K, committed 169024K, reserved 1245184K
  class space    used 22736K, committed 24128K, reserved 1048576K
}
Event: 1943.217 GC heap after
{Heap after GC invocations=74 (full 0):
 garbage-first heap   total 479232K, used 295562K [0x0000000700000000, 0x0000000800000000)
  region size 2048K, 8 young (16384K), 8 survivors (16384K)
 Metaspace       used 166164K, committed 169024K, reserved 1245184K
  class space    used 22736K, committed 24128K, reserved 1048576K
}
Event: 1945.521 GC heap before
{Heap before GC invocations=75 (full 0):
 garbage-first heap   total 495616K, used 445066K [0x0000000700000000, 0x0000000800000000)
  region size 2048K, 82 young (167936K), 8 survivors (16384K)
 Metaspace       used 181009K, committed 183936K, reserved 1245184K
  class space    used 24999K, committed 26432K, reserved 1048576K
}
Event: 1945.544 GC heap after
{Heap after GC invocations=76 (full 0):
 garbage-first heap   total 495616K, used 301271K [0x0000000700000000, 0x0000000800000000)
  region size 2048K, 7 young (14336K), 7 survivors (14336K)
 Metaspace       used 181009K, committed 183936K, reserved 1245184K
  class space    used 24999K, committed 26432K, reserved 1048576K
}
Event: 1947.341 GC heap before
{Heap before GC invocations=76 (full 0):
 garbage-first heap   total 495616K, used 477399K [0x0000000700000000, 0x0000000800000000)
  region size 2048K, 87 young (178176K), 7 survivors (14336K)
 Metaspace       used 186045K, committed 189056K, reserved 1245184K
  class space    used 25591K, committed 27072K, reserved 1048576K
}
Event: 1947.430 GC heap after
{Heap after GC invocations=77 (full 0):
 garbage-first heap   total 507904K, used 315392K [0x0000000700000000, 0x0000000800000000)
  region size 2048K, 6 young (12288K), 6 survivors (12288K)
 Metaspace       used 186045K, committed 189056K, reserved 1245184K
  class space    used 25591K, committed 27072K, reserved 1048576K
}
Event: 1947.442 GC heap before
{Heap before GC invocations=77 (full 0):
 garbage-first heap   total 507904K, used 315392K [0x0000000700000000, 0x0000000800000000)
  region size 2048K, 8 young (16384K), 6 survivors (12288K)
 Metaspace       used 186045K, committed 189056K, reserved 1245184K
  class space    used 25591K, committed 27072K, reserved 1048576K
}
Event: 1947.484 GC heap after
{Heap after GC invocations=78 (full 0):
 garbage-first heap   total 507904K, used 315138K [0x0000000700000000, 0x0000000800000000)
  region size 2048K, 6 young (12288K), 6 survivors (12288K)
 Metaspace       used 186045K, committed 189056K, reserved 1245184K
  class space    used 25591K, committed 27072K, reserved 1048576K
}
Event: 1950.875 GC heap before
{Heap before GC invocations=79 (full 0):
 garbage-first heap   total 612352K, used 571138K [0x0000000700000000, 0x0000000800000000)
  region size 2048K, 84 young (172032K), 6 survivors (12288K)
 Metaspace       used 195829K, committed 198784K, reserved 1245184K
  class space    used 26520K, committed 27968K, reserved 1048576K
}
Event: 1951.008 GC heap after
{Heap after GC invocations=80 (full 0):
 garbage-first heap   total 626688K, used 403387K [0x0000000700000000, 0x0000000800000000)
  region size 2048K, 11 young (22528K), 11 survivors (22528K)
 Metaspace       used 195829K, committed 198784K, reserved 1245184K
  class space    used 26520K, committed 27968K, reserved 1048576K
}
Event: 1951.572 GC heap before
{Heap before GC invocations=80 (full 0):
 garbage-first heap   total 626688K, used 563131K [0x0000000700000000, 0x0000000800000000)
  region size 2048K, 90 young (184320K), 11 survivors (22528K)
 Metaspace       used 199352K, committed 202368K, reserved 1245184K
  class space    used 26944K, committed 28416K, reserved 1048576K
}
Event: 1951.774 GC heap after
{Heap after GC invocations=81 (full 0):
 garbage-first heap   total 669696K, used 448512K [0x0000000700000000, 0x0000000800000000)
  region size 2048K, 12 young (24576K), 12 survivors (24576K)
 Metaspace       used 199352K, committed 202368K, reserved 1245184K
  class space    used 26944K, committed 28416K, reserved 1048576K
}
Event: 1953.051 GC heap before
{Heap before GC invocations=81 (full 0):
 garbage-first heap   total 669696K, used 571392K [0x0000000700000000, 0x0000000800000000)
  region size 2048K, 73 young (149504K), 12 survivors (24576K)
 Metaspace       used 200049K, committed 203072K, reserved 1245184K
  class space    used 27001K, committed 28480K, reserved 1048576K
}

