# JRE version: OpenJDK Runtime Environment JBR-21.0.9+1-1038.76-nomod (21.0.9+1) (build 21.0.9+1-b1038.76)
# Java VM: OpenJDK 64-Bit Server VM JBR-21.0.9+1-1038.76-nomod (21.0.9+1-b1038.76, mixed mode, sharing, tiered, compressed oops, compressed class ptrs, g1 gc, windows-amd64)
GC Precious Log:
 CardTable entry size: 512
 Card Set container configuration: InlinePtr #cards 4 size 8 Array Of Cards #cards 16 size 48 Howl #buckets 8 coarsen threshold 3686 Howl Bitmap #cards 512 size 80 coarsen threshold 460 Card regions per heap region 1 cards per card region 4096
 CPUs: 4 total, 4 available
 Memory: 8134M
 Large Page Support: Disabled
 NUMA Support: Disabled
 Compressed Oops: Enabled (Zero based)
 Heap Region Size: 2M
 Heap Min Capacity: 8M
 Heap Initial Capacity: 128M
 Heap Max Capacity: 4G
 Pre-touch: Disabled
 Parallel Workers: 4
 Concurrent Workers: 1
 Concurrent Refinement Workers: 4
 Periodic GC: Disabled
Heap:
 garbage-first heap   total 792576K, used 531299K [0x0000000700000000, 0x0000000800000000)
  region size 2048K, 4 young (8192K), 4 survivors (8192K)
 Metaspace       used 192310K, committed 195712K, reserved 1245184K
  class space    used 25114K, committed 27392K, reserved 1048576K
GC Heap History (20 events):
Event: 3737.008 GC heap after
{Heap after GC invocations=96 (full 0):
 garbage-first heap   total 897024K, used 371712K [0x0000000700000000, 0x0000000800000000)
  region size 2048K, 13 young (26624K), 13 survivors (26624K)
 Metaspace       used 197290K, committed 200384K, reserved 1245184K
  class space    used 26285K, committed 27776K, reserved 1048576K
}
Event: 4818.757 GC heap before
{Heap before GC invocations=96 (full 0):
 garbage-first heap   total 897024K, used 441344K [0x0000000700000000, 0x0000000800000000)
  region size 2048K, 48 young (98304K), 13 survivors (26624K)
 Metaspace       used 197359K, committed 200448K, reserved 1245184K
  class space    used 26285K, committed 27776K, reserved 1048576K
}
Event: 4819.583 GC heap after
{Heap after GC invocations=97 (full 1):
 garbage-first heap   total 731136K, used 215825K [0x0000000700000000, 0x0000000800000000)
  region size 2048K, 0 young (0K), 0 survivors (0K)
 Metaspace       used 190924K, committed 195136K, reserved 1245184K
  class space    used 25521K, committed 27264K, reserved 1048576K
}
Event: 11287.856 GC heap before
{Heap before GC invocations=97 (full 1):
 garbage-first heap   total 731136K, used 631569K [0x0000000700000000, 0x0000000800000000)
  region size 2048K, 204 young (417792K), 0 survivors (0K)
 Metaspace       used 191418K, committed 195328K, reserved 1245184K
  class space    used 25540K, committed 27264K, reserved 1048576K
}
Event: 11288.367 GC heap after
{Heap after GC invocations=98 (full 1):
 garbage-first heap   total 731136K, used 239377K [0x0000000700000000, 0x0000000800000000)
  region size 2048K, 12 young (24576K), 12 survivors (24576K)
 Metaspace       used 191418K, committed 195328K, reserved 1245184K
  class space    used 25540K, committed 27264K, reserved 1048576K
}
Event: 11293.562 GC heap before
{Heap before GC invocations=99 (full 1):
 garbage-first heap   total 731136K, used 333585K [0x0000000700000000, 0x0000000800000000)
  region size 2048K, 53 young (108544K), 12 survivors (24576K)
 Metaspace       used 186690K, committed 195264K, reserved 1245184K
  class space    used 24458K, committed 27264K, reserved 1048576K
}
Event: 11293.831 GC heap after
{Heap after GC invocations=100 (full 1):
 garbage-first heap   total 731136K, used 267950K [0x0000000700000000, 0x0000000800000000)
  region size 2048K, 7 young (14336K), 7 survivors (14336K)
 Metaspace       used 186690K, committed 195264K, reserved 1245184K
  class space    used 24458K, committed 27264K, reserved 1048576K
}
Event: 11296.888 GC heap before
{Heap before GC invocations=100 (full 1):
 garbage-first heap   total 731136K, used 454318K [0x0000000700000000, 0x0000000800000000)
  region size 2048K, 86 young (176128K), 7 survivors (14336K)
 Metaspace       used 189122K, committed 195648K, reserved 1245184K
  class space    used 24758K, committed 27392K, reserved 1048576K
}
Event: 11296.947 GC heap after
{Heap after GC invocations=101 (full 1):
 garbage-first heap   total 731136K, used 294673K [0x0000000700000000, 0x0000000800000000)
  region size 2048K, 11 young (22528K), 11 survivors (22528K)
 Metaspace       used 189122K, committed 195648K, reserved 1245184K
  class space    used 24758K, committed 27392K, reserved 1048576K
}
Event: 11299.496 GC heap before
{Heap before GC invocations=101 (full 1):
 garbage-first heap   total 731136K, used 476945K [0x0000000700000000, 0x0000000800000000)
  region size 2048K, 101 young (206848K), 11 survivors (22528K)
 Metaspace       used 190167K, committed 195648K, reserved 1245184K
  class space    used 24842K, committed 27392K, reserved 1048576K
}
Event: 11299.530 GC heap after
{Heap after GC invocations=102 (full 1):
 garbage-first heap   total 731136K, used 293619K [0x0000000700000000, 0x0000000800000000)
  region size 2048K, 5 young (10240K), 5 survivors (10240K)
 Metaspace       used 190167K, committed 195648K, reserved 1245184K
  class space    used 24842K, committed 27392K, reserved 1048576K
}
Event: 11306.239 GC heap before
{Heap before GC invocations=102 (full 1):
 garbage-first heap   total 731136K, used 670451K [0x0000000700000000, 0x0000000800000000)
  region size 2048K, 150 young (307200K), 5 survivors (10240K)
 Metaspace       used 192310K, committed 195712K, reserved 1245184K
  class space    used 25114K, committed 27392K, reserved 1048576K
}
Event: 11306.438 GC heap after
{Heap after GC invocations=103 (full 1):
 garbage-first heap   total 792576K, used 441187K [0x0000000700000000, 0x0000000800000000)
  region size 2048K, 19 young (38912K), 19 survivors (38912K)
 Metaspace       used 192310K, committed 195712K, reserved 1245184K
  class space    used 25114K, committed 27392K, reserved 1048576K
}
Event: 11306.451 GC heap before
{Heap before GC invocations=103 (full 1):
 garbage-first heap   total 792576K, used 443235K [0x0000000700000000, 0x0000000800000000)
  region size 2048K, 20 young (40960K), 19 survivors (38912K)
 Metaspace       used 192310K, committed 195712K, reserved 1245184K
  class space    used 25114K, committed 27392K, reserved 1048576K
}
Event: 11306.570 GC heap after
{Heap after GC invocations=104 (full 1):
 garbage-first heap   total 792576K, used 446307K [0x0000000700000000, 0x0000000800000000)
  region size 2048K, 2 young (4096K), 2 survivors (4096K)
 Metaspace       used 192310K, committed 195712K, reserved 1245184K
  class space    used 25114K, committed 27392K, reserved 1048576K
}
Event: 11306.713 GC heap before
{Heap before GC invocations=104 (full 1):
 garbage-first heap   total 792576K, used 503651K [0x0000000700000000, 0x0000000800000000)
  region size 2048K, 30 young (61440K), 2 survivors (4096K)
 Metaspace       used 192310K, committed 195712K, reserved 1245184K
  class space    used 25114K, committed 27392K, reserved 1048576K
}
Event: 11306.739 GC heap after
{Heap after GC invocations=105 (full 1):
 garbage-first heap   total 792576K, used 474979K [0x0000000700000000, 0x0000000800000000)
  region size 2048K, 4 young (8192K), 4 survivors (8192K)
 Metaspace       used 192310K, committed 195712K, reserved 1245184K
  class space    used 25114K, committed 27392K, reserved 1048576K
}
Event: 11306.958 GC heap before
{Heap before GC invocations=105 (full 1):
 garbage-first heap   total 792576K, used 513891K [0x0000000700000000, 0x0000000800000000)
  region size 2048K, 23 young (47104K), 4 survivors (8192K)
 Metaspace       used 192310K, committed 195712K, reserved 1245184K
  class space    used 25114K, committed 27392K, reserved 1048576K
}
Event: 11306.980 GC heap after
{Heap after GC invocations=106 (full 1):
 garbage-first heap   total 792576K, used 497507K [0x0000000700000000, 0x0000000800000000)
  region size 2048K, 3 young (6144K), 3 survivors (6144K)
 Metaspace       used 192310K, committed 195712K, reserved 1245184K
  class space    used 25114K, committed 27392K, reserved 1048576K
}
Event: 11307.232 GC heap before
{Heap before GC invocations=106 (full 1):
 garbage-first heap   total 792576K, used 554851K [0x0000000700000000, 0x0000000800000000)
  region size 2048K, 32 young (65536K), 3 survivors (6144K)
 Metaspace       used 192310K, committed 195712K, reserved 1245184K
  class space    used 25114K, committed 27392K, reserved 1048576K
}

