# JRE version: OpenJDK Runtime Environment JBR-21.0.9+1-1038.76-nomod (21.0.9+1) (build 21.0.9+1-b1038.76)
# Java VM: OpenJDK 64-Bit Server VM JBR-21.0.9+1-1038.76-nomod (21.0.9+1-b1038.76, mixed mode, sharing, tiered, compressed oops, compressed class ptrs, g1 gc, windows-amd64)
GC Precious Log:
 CardTable entry size: 512
 Card Set container configuration: InlinePtr #cards 4 size 8 Array Of Cards #cards 16 size 48 Howl #buckets 8 coarsen threshold 3686 Howl Bitmap #cards 512 size 80 coarsen threshold 460 Card regions per heap region 1 cards per card region 4096
 CPUs: 4 total, 4 available
 Memory: 8134M
 Large Page Support: Disabled
 NUMA Support: Disabled
 Compressed Oops: Enabled (Zero based)
 Heap Region Size: 2M
 Heap Min Capacity: 8M
 Heap Initial Capacity: 128M
 Heap Max Capacity: 4G
 Pre-touch: Disabled
 Parallel Workers: 4
 Concurrent Workers: 1
 Concurrent Refinement Workers: 4
 Periodic GC: Disabled
Heap:
 garbage-first heap   total 710656K, used 482040K [0x0000000700000000, 0x0000000800000000)
  region size 2048K, 6 young (12288K), 6 survivors (12288K)
 Metaspace       used 140906K, committed 143360K, reserved 1179648K
  class space    used 19735K, committed 20928K, reserved 1048576K
GC Heap History (20 events):
Event: 79.996 GC heap after
{Heap after GC invocations=63 (full 0):
 garbage-first heap   total 557056K, used 313344K [0x0000000700000000, 0x0000000800000000)
  region size 2048K, 5 young (10240K), 5 survivors (10240K)
 Metaspace       used 130673K, committed 133120K, reserved 1179648K
  class space    used 18381K, committed 19584K, reserved 1048576K
}
Event: 82.172 GC heap before
{Heap before GC invocations=64 (full 0):
 garbage-first heap   total 557056K, used 438272K [0x0000000700000000, 0x0000000800000000)
  region size 2048K, 66 young (135168K), 5 survivors (10240K)
 Metaspace       used 130674K, committed 133120K, reserved 1179648K
  class space    used 18381K, committed 19584K, reserved 1048576K
}
Event: 82.402 GC heap after
{Heap after GC invocations=65 (full 0):
 garbage-first heap   total 557056K, used 381952K [0x0000000700000000, 0x0000000800000000)
  region size 2048K, 9 young (18432K), 9 survivors (18432K)
 Metaspace       used 130674K, committed 133120K, reserved 1179648K
  class space    used 18381K, committed 19584K, reserved 1048576K
}
Event: 83.951 GC heap before
{Heap before GC invocations=65 (full 0):
 garbage-first heap   total 557056K, used 461824K [0x0000000700000000, 0x0000000800000000)
  region size 2048K, 49 young (100352K), 9 survivors (18432K)
 Metaspace       used 131617K, committed 134016K, reserved 1179648K
  class space    used 18521K, committed 19712K, reserved 1048576K
}
Event: 84.047 GC heap after
{Heap after GC invocations=66 (full 0):
 garbage-first heap   total 557056K, used 401408K [0x0000000700000000, 0x0000000800000000)
  region size 2048K, 7 young (14336K), 7 survivors (14336K)
 Metaspace       used 131617K, committed 134016K, reserved 1179648K
  class space    used 18521K, committed 19712K, reserved 1048576K
}
Event: 85.956 GC heap before
{Heap before GC invocations=66 (full 0):
 garbage-first heap   total 557056K, used 475136K [0x0000000700000000, 0x0000000800000000)
  region size 2048K, 44 young (90112K), 7 survivors (14336K)
 Metaspace       used 134543K, committed 136960K, reserved 1179648K
  class space    used 18893K, committed 20096K, reserved 1048576K
}
Event: 85.985 GC heap after
{Heap after GC invocations=67 (full 0):
 garbage-first heap   total 557056K, used 409600K [0x0000000700000000, 0x0000000800000000)
  region size 2048K, 3 young (6144K), 3 survivors (6144K)
 Metaspace       used 134543K, committed 136960K, reserved 1179648K
  class space    used 18893K, committed 20096K, reserved 1048576K
}
Event: 87.881 GC heap before
{Heap before GC invocations=68 (full 0):
 garbage-first heap   total 634880K, used 456704K [0x0000000700000000, 0x0000000800000000)
  region size 2048K, 41 young (83968K), 3 survivors (6144K)
 Metaspace       used 135498K, committed 137920K, reserved 1179648K
  class space    used 19048K, committed 20224K, reserved 1048576K
}
Event: 87.912 GC heap after
{Heap after GC invocations=69 (full 0):
 garbage-first heap   total 634880K, used 393070K [0x0000000700000000, 0x0000000800000000)
  region size 2048K, 6 young (12288K), 6 survivors (12288K)
 Metaspace       used 135498K, committed 137920K, reserved 1179648K
  class space    used 19048K, committed 20224K, reserved 1048576K
}
Event: 90.156 GC heap before
{Heap before GC invocations=69 (full 0):
 garbage-first heap   total 634880K, used 532334K [0x0000000700000000, 0x0000000800000000)
  region size 2048K, 73 young (149504K), 6 survivors (12288K)
 Metaspace       used 136679K, committed 139136K, reserved 1179648K
  class space    used 19206K, committed 20416K, reserved 1048576K
}
Event: 90.200 GC heap after
{Heap after GC invocations=70 (full 0):
 garbage-first heap   total 634880K, used 396776K [0x0000000700000000, 0x0000000800000000)
  region size 2048K, 9 young (18432K), 9 survivors (18432K)
 Metaspace       used 136679K, committed 139136K, reserved 1179648K
  class space    used 19206K, committed 20416K, reserved 1048576K
}
Event: 92.290 GC heap before
{Heap before GC invocations=70 (full 0):
 garbage-first heap   total 634880K, used 558568K [0x0000000700000000, 0x0000000800000000)
  region size 2048K, 85 young (174080K), 9 survivors (18432K)
 Metaspace       used 140184K, committed 142656K, reserved 1179648K
  class space    used 19665K, committed 20864K, reserved 1048576K
}
Event: 92.330 GC heap after
{Heap after GC invocations=71 (full 0):
 garbage-first heap   total 634880K, used 417482K [0x0000000700000000, 0x0000000800000000)
  region size 2048K, 11 young (22528K), 11 survivors (22528K)
 Metaspace       used 140184K, committed 142656K, reserved 1179648K
  class space    used 19665K, committed 20864K, reserved 1048576K
}
Event: 92.491 GC heap before
{Heap before GC invocations=71 (full 0):
 garbage-first heap   total 634880K, used 425674K [0x0000000700000000, 0x0000000800000000)
  region size 2048K, 17 young (34816K), 11 survivors (22528K)
 Metaspace       used 140184K, committed 142656K, reserved 1179648K
  class space    used 19665K, committed 20864K, reserved 1048576K
}
Event: 92.523 GC heap after
{Heap after GC invocations=72 (full 0):
 garbage-first heap   total 634880K, used 420982K [0x0000000700000000, 0x0000000800000000)
  region size 2048K, 2 young (4096K), 2 survivors (4096K)
 Metaspace       used 140184K, committed 142656K, reserved 1179648K
  class space    used 19665K, committed 20864K, reserved 1048576K
}
Event: 95.751 GC heap before
{Heap before GC invocations=73 (full 0):
 garbage-first heap   total 710656K, used 590966K [0x0000000700000000, 0x0000000800000000)
  region size 2048K, 77 young (157696K), 2 survivors (4096K)
 Metaspace       used 140799K, committed 143296K, reserved 1179648K
  class space    used 19718K, committed 20928K, reserved 1048576K
}
Event: 95.799 GC heap after
{Heap after GC invocations=74 (full 0):
 garbage-first heap   total 710656K, used 472555K [0x0000000700000000, 0x0000000800000000)
  region size 2048K, 10 young (20480K), 10 survivors (20480K)
 Metaspace       used 140799K, committed 143296K, reserved 1179648K
  class space    used 19718K, committed 20928K, reserved 1048576K
}
Event: 97.950 GC heap before
{Heap before GC invocations=74 (full 0):
 garbage-first heap   total 710656K, used 658923K [0x0000000700000000, 0x0000000800000000)
  region size 2048K, 90 young (184320K), 10 survivors (20480K)
 Metaspace       used 140904K, committed 143360K, reserved 1179648K
  class space    used 19735K, committed 20928K, reserved 1048576K
}
Event: 98.015 GC heap after
{Heap after GC invocations=75 (full 0):
 garbage-first heap   total 710656K, used 482784K [0x0000000700000000, 0x0000000800000000)
  region size 2048K, 6 young (12288K), 6 survivors (12288K)
 Metaspace       used 140904K, committed 143360K, reserved 1179648K
  class space    used 19735K, committed 20928K, reserved 1048576K
}
Event: 98.265 GC heap before
{Heap before GC invocations=75 (full 0):
 garbage-first heap   total 710656K, used 484832K [0x0000000700000000, 0x0000000800000000)
  region size 2048K, 8 young (16384K), 6 survivors (12288K)
 Metaspace       used 140906K, committed 143360K, reserved 1179648K
  class space    used 19735K, committed 20928K, reserved 1048576K
}

